# JRE version: OpenJDK Runtime Environment (11.0.11+9) (build 11.0.11+9-b60-7590822)
# Java VM: OpenJDK 64-Bit Server VM (11.0.11+9-b60-7590822, mixed mode, tiered, compressed oops, g1 gc, windows-amd64)
Heap:
 garbage-first heap   total 449536K, used 123875K [0x0000000080000000, 0x0000000100000000)
  region size 1024K, 2 young (2048K), 2 survivors (2048K)
 Metaspace       used 112235K, capacity 114746K, committed 114928K, reserved 1148928K
  class space    used 14000K, capacity 14923K, committed 15052K, reserved 1048576K
GC Heap History (20 events):
Event: 466.992 GC heap after
{Heap after GC invocations=55 (full 0):
 garbage-first heap   total 379904K, used 116242K [0x0000000080000000, 0x0000000100000000)
  region size 1024K, 2 young (2048K), 2 survivors (2048K)
 Metaspace       used 107423K, capacity 109771K, committed 110192K, reserved 1144832K
  class space    used 13415K, capacity 14265K, committed 14412K, reserved 1048576K
}
Event: 471.712 GC heap before
{Heap before GC invocations=55 (full 0):
 garbage-first heap   total 379904K, used 131602K [0x0000000080000000, 0x0000000100000000)
  region size 1024K, 18 young (18432K), 2 survivors (2048K)
 Metaspace       used 108389K, capacity 110650K, committed 111088K, reserved 1146880K
  class space    used 13545K, capacity 14366K, committed 14540K, reserved 1048576K
}
Event: 471.947 GC heap after
{Heap after GC invocations=56 (full 0):
 garbage-first heap   total 379904K, used 116147K [0x0000000080000000, 0x0000000100000000)
  region size 1024K, 2 young (2048K), 2 survivors (2048K)
 Metaspace       used 108389K, capacity 110650K, committed 111088K, reserved 1146880K
  class space    used 13545K, capacity 14366K, committed 14540K, reserved 1048576K
}
Event: 472.523 GC heap before
{Heap before GC invocations=56 (full 0):
 garbage-first heap   total 379904K, used 131507K [0x0000000080000000, 0x0000000100000000)
  region size 1024K, 18 young (18432K), 2 survivors (2048K)
 Metaspace       used 109598K, capacity 111898K, committed 112240K, reserved 1146880K
  class space    used 13705K, capacity 14526K, committed 14668K, reserved 1048576K
}
Event: 472.530 GC heap after
{Heap after GC invocations=57 (full 0):
 garbage-first heap   total 379904K, used 116322K [0x0000000080000000, 0x0000000100000000)
  region size 1024K, 2 young (2048K), 2 survivors (2048K)
 Metaspace       used 109598K, capacity 111898K, committed 112240K, reserved 1146880K
  class space    used 13705K, capacity 14526K, committed 14668K, reserved 1048576K
}
Event: 473.054 GC heap before
{Heap before GC invocations=57 (full 0):
 garbage-first heap   total 379904K, used 132706K [0x0000000080000000, 0x0000000100000000)
  region size 1024K, 18 young (18432K), 2 survivors (2048K)
 Metaspace       used 110613K, capacity 112922K, committed 113136K, reserved 1148928K
  class space    used 13829K, capacity 14654K, committed 14796K, reserved 1048576K
}
Event: 473.102 GC heap after
{Heap after GC invocations=58 (full 0):
 garbage-first heap   total 379904K, used 117359K [0x0000000080000000, 0x0000000100000000)
  region size 1024K, 3 young (3072K), 3 survivors (3072K)
 Metaspace       used 110613K, capacity 112922K, committed 113136K, reserved 1148928K
  class space    used 13829K, capacity 14654K, committed 14796K, reserved 1048576K
}
Event: 482.161 GC heap before
{Heap before GC invocations=58 (full 0):
 garbage-first heap   total 379904K, used 131695K [0x0000000080000000, 0x0000000100000000)
  region size 1024K, 18 young (18432K), 3 survivors (3072K)
 Metaspace       used 110916K, capacity 113168K, committed 113520K, reserved 1148928K
  class space    used 13848K, capacity 14689K, committed 14924K, reserved 1048576K
}
Event: 482.369 GC heap after
{Heap after GC invocations=59 (full 0):
 garbage-first heap   total 379904K, used 118871K [0x0000000080000000, 0x0000000100000000)
  region size 1024K, 3 young (3072K), 3 survivors (3072K)
 Metaspace       used 110916K, capacity 113168K, committed 113520K, reserved 1148928K
  class space    used 13848K, capacity 14689K, committed 14924K, reserved 1048576K
}
Event: 494.829 GC heap before
{Heap before GC invocations=59 (full 0):
 garbage-first heap   total 379904K, used 133207K [0x0000000080000000, 0x0000000100000000)
  region size 1024K, 18 young (18432K), 3 survivors (3072K)
 Metaspace       used 111032K, capacity 113441K, committed 113776K, reserved 1148928K
  class space    used 13866K, capacity 14740K, committed 14924K, reserved 1048576K
}
Event: 495.004 GC heap after
{Heap after GC invocations=60 (full 0):
 garbage-first heap   total 379904K, used 119652K [0x0000000080000000, 0x0000000100000000)
  region size 1024K, 3 young (3072K), 3 survivors (3072K)
 Metaspace       used 111032K, capacity 113441K, committed 113776K, reserved 1148928K
  class space    used 13866K, capacity 14740K, committed 14924K, reserved 1048576K
}
Event: 495.299 GC heap before
{Heap before GC invocations=60 (full 0):
 garbage-first heap   total 379904K, used 133988K [0x0000000080000000, 0x0000000100000000)
  region size 1024K, 18 young (18432K), 3 survivors (3072K)
 Metaspace       used 111039K, capacity 113441K, committed 113776K, reserved 1148928K
  class space    used 13866K, capacity 14740K, committed 14924K, reserved 1048576K
}
Event: 495.307 GC heap after
{Heap after GC invocations=61 (full 0):
 garbage-first heap   total 379904K, used 119677K [0x0000000080000000, 0x0000000100000000)
  region size 1024K, 1 young (1024K), 1 survivors (1024K)
 Metaspace       used 111039K, capacity 113441K, committed 113776K, reserved 1148928K
  class space    used 13866K, capacity 14740K, committed 14924K, reserved 1048576K
}
Event: 495.531 GC heap before
{Heap before GC invocations=61 (full 0):
 garbage-first heap   total 379904K, used 138109K [0x0000000080000000, 0x0000000100000000)
  region size 1024K, 20 young (20480K), 1 survivors (1024K)
 Metaspace       used 111039K, capacity 113441K, committed 113776K, reserved 1148928K
  class space    used 13866K, capacity 14740K, committed 14924K, reserved 1048576K
}
Event: 495.534 GC heap after
{Heap after GC invocations=62 (full 0):
 garbage-first heap   total 379904K, used 119556K [0x0000000080000000, 0x0000000100000000)
  region size 1024K, 1 young (1024K), 1 survivors (1024K)
 Metaspace       used 111039K, capacity 113441K, committed 113776K, reserved 1148928K
  class space    used 13866K, capacity 14740K, committed 14924K, reserved 1048576K
}
Event: 503.926 GC heap before
{Heap before GC invocations=62 (full 0):
 garbage-first heap   total 379904K, used 142084K [0x0000000080000000, 0x0000000100000000)
  region size 1024K, 24 young (24576K), 1 survivors (1024K)
 Metaspace       used 111930K, capacity 114365K, committed 114672K, reserved 1148928K
  class space    used 13980K, capacity 14897K, committed 15052K, reserved 1048576K
}
Event: 504.005 GC heap after
{Heap after GC invocations=63 (full 0):
 garbage-first heap   total 379904K, used 120345K [0x0000000080000000, 0x0000000100000000)
  region size 1024K, 2 young (2048K), 2 survivors (2048K)
 Metaspace       used 111930K, capacity 114365K, committed 114672K, reserved 1148928K
  class space    used 13980K, capacity 14897K, committed 15052K, reserved 1048576K
}
Event: 505.739 GC heap before
{Heap before GC invocations=63 (full 0):
 garbage-first heap   total 379904K, used 143897K [0x0000000080000000, 0x0000000100000000)
  region size 1024K, 26 young (26624K), 2 survivors (2048K)
 Metaspace       used 112191K, capacity 114661K, committed 114928K, reserved 1148928K
  class space    used 13994K, capacity 14916K, committed 15052K, reserved 1048576K
}
Event: 505.993 GC heap after
{Heap after GC invocations=64 (full 0):
 garbage-first heap   total 379904K, used 122291K [0x0000000080000000, 0x0000000100000000)
  region size 1024K, 4 young (4096K), 4 survivors (4096K)
 Metaspace       used 112191K, capacity 114661K, committed 114928K, reserved 1148928K
  class space    used 13994K, capacity 14916K, committed 15052K, reserved 1048576K
}
Event: 511.129 GC heap before
{Heap before GC invocations=64 (full 0):
 garbage-first heap   total 379904K, used 142771K [0x0000000080000000, 0x0000000100000000)
  region size 1024K, 25 young (25600K), 4 survivors (4096K)
 Metaspace       used 112235K, capacity 114746K, committed 114928K, reserved 1148928K
  class space    used 14000K, capacity 14923K, committed 15052K, reserved 1048576K
}

